<domain type='xen' id='3'>
  <name>foo</name>
  <uuid>4dea22b31d52d8f32516782e98ab3fa0</uuid>
  <description>Some human readable description</description>
</domain>
