<capabilities>

  <host>
    <uuid>cd6a24b3-46f8-01aa-bb39-c39aa2123730</uuid>
    <cpu>
      <arch>x86_64</arch>
      <model>Westmere</model>
      <vendor>Intel</vendor>
      <topology sockets="1" cores="2" threads="2"/>
      <feature name="rdtscp"/>
      <feature name="pdcm"/>
      <feature name="xtpr"/>
      <feature name="tm2"/>
      <feature name="est"/>
      <feature name="smx"/>
      <feature name="vmx"/>
      <feature name="ds_cpl"/>
      <feature name="monitor"/>
      <feature name="dtes64"/>
      <feature name="pclmuldq"/>
      <feature name="pbe"/>
      <feature name="tm"/>
      <feature name="ht"/>
      <feature name="ss"/>
      <feature name="acpi"/>
      <feature name="ds"/>
      <feature name="vme"/>
    </cpu>
    <power_management>
      <suspend_mem/>
      <suspend_disk/>
    </power_management>
    <migration_features>
      <live/>
      <uri_transports>
        <uri_transport>tcp</uri_transport>
      </uri_transports>
    </migration_features>
    <secmodel>
      <model>selinux</model>
      <doi>0</doi>
    </secmodel>
  </host>

  <guest>
    <os_type>hvm</os_type>
    <arch name="i686">
      <wordsize>32</wordsize>
      <emulator>/usr/bin/qemu-system-x86_64</emulator>
      <machine>pc-1.1</machine>
      <machine canonical="pc-1.1">pc</machine>
      <machine>pc-1.0</machine>
      <machine>pc-0.15</machine>
      <machine>pc-0.14</machine>
      <machine>pc-0.13</machine>
      <machine>pc-0.12</machine>
      <machine>pc-0.11</machine>
      <machine>pc-0.10</machine>
      <machine>isapc</machine>
      <domain type="qemu">
      </domain>
      <domain type="kvm">
        <emulator>/usr/bin/qemu-kvm</emulator>
        <machine>pc-1.1</machine>
        <machine canonical="pc-1.1">pc</machine>
        <machine>pc-1.0</machine>
        <machine>pc-0.15</machine>
        <machine>pc-0.14</machine>
        <machine>pc-0.13</machine>
        <machine>pc-0.12</machine>
        <machine>pc-0.11</machine>
        <machine>pc-0.10</machine>
        <machine>isapc</machine>
      </domain>
    </arch>
    <features>
      <cpuselection/>
      <pae/>
      <nonpae/>
      <acpi default="on" toggle="yes"/>
      <apic default="on" toggle="no"/>
    </features>
  </guest>

  <guest>
    <os_type>hvm</os_type>
    <arch name="x86_64">
      <wordsize>64</wordsize>
      <emulator>/usr/bin/qemu-system-x86_64</emulator>
      <machine>pc-1.1</machine>
      <machine canonical="pc-1.1">pc</machine>
      <machine>pc-1.0</machine>
      <machine>pc-0.15</machine>
      <machine>pc-0.14</machine>
      <machine>pc-0.13</machine>
      <machine>pc-0.12</machine>
      <machine>pc-0.11</machine>
      <machine>pc-0.10</machine>
      <machine>isapc</machine>
      <domain type="qemu">
      </domain>
      <domain type="kvm">
        <emulator>/usr/bin/qemu-kvm</emulator>
        <machine>pc-1.1</machine>
        <machine canonical="pc-1.1">pc</machine>
        <machine>pc-1.0</machine>
        <machine>pc-0.15</machine>
        <machine>pc-0.14</machine>
        <machine>pc-0.13</machine>
        <machine>pc-0.12</machine>
        <machine>pc-0.11</machine>
        <machine>pc-0.10</machine>
        <machine>isapc</machine>
      </domain>
    </arch>
    <features>
      <cpuselection/>
      <acpi default="on" toggle="yes"/>
      <apic default="on" toggle="no"/>
    </features>
  </guest>

  <guest>
    <os_type>hvm</os_type>
    <arch name="arm">
      <wordsize>32</wordsize>
      <emulator>/usr/bin/qemu-system-arm</emulator>
      <machine>integratorcp</machine>
      <machine>collie</machine>
      <machine>nuri</machine>
      <machine>smdkc210</machine>
      <machine>connex</machine>
      <machine>verdex</machine>
      <machine>highbank</machine>
      <machine>mainstone</machine>
      <machine>musicpal</machine>
      <machine>n800</machine>
      <machine>n810</machine>
      <machine>sx1</machine>
      <machine>sx1-v1</machine>
      <machine>cheetah</machine>
      <machine>realview-eb</machine>
      <machine>realview-eb-mpcore</machine>
      <machine>realview-pb-a8</machine>
      <machine>realview-pbx-a9</machine>
      <machine>akita</machine>
      <machine>spitz</machine>
      <machine>borzoi</machine>
      <machine>terrier</machine>
      <machine>lm3s811evb</machine>
      <machine>lm3s6965evb</machine>
      <machine>tosa</machine>
      <machine>versatilepb</machine>
      <machine>versatileab</machine>
      <machine>vexpress-a9</machine>
      <machine>vexpress-a15</machine>
      <machine>xilinx-zynq-a9</machine>
      <machine>z2</machine>
      <domain type="qemu">
      </domain>
    </arch>
  </guest>

  <guest>
    <os_type>hvm</os_type>
    <arch name="microblaze">
      <wordsize>32</wordsize>
      <emulator>/usr/bin/qemu-system-microblaze</emulator>
      <machine>petalogix-s3adsp1800</machine>
      <machine>petalogix-ml605</machine>
      <domain type="qemu">
      </domain>
    </arch>
  </guest>

  <guest>
    <os_type>hvm</os_type>
    <arch name="microblazeel">
      <wordsize>32</wordsize>
      <emulator>/usr/bin/qemu-system-microblazeel</emulator>
      <machine>petalogix-s3adsp1800</machine>
      <machine>petalogix-ml605</machine>
      <domain type="qemu">
      </domain>
    </arch>
  </guest>

  <guest>
    <os_type>hvm</os_type>
    <arch name="mips">
      <wordsize>32</wordsize>
      <emulator>/usr/bin/qemu-system-mips</emulator>
      <machine>malta</machine>
      <machine>magnum</machine>
      <machine>pica61</machine>
      <machine>mipssim</machine>
      <machine>mips</machine>
      <domain type="qemu">
      </domain>
    </arch>
  </guest>

  <guest>
    <os_type>hvm</os_type>
    <arch name="mipsel">
      <wordsize>32</wordsize>
      <emulator>/usr/bin/qemu-system-mipsel</emulator>
      <machine>malta</machine>
      <machine>magnum</machine>
      <machine>pica61</machine>
      <machine>mipssim</machine>
      <machine>mips</machine>
      <domain type="qemu">
      </domain>
    </arch>
  </guest>

  <guest>
    <os_type>hvm</os_type>
    <arch name="sparc">
      <wordsize>32</wordsize>
      <emulator>/usr/bin/qemu-system-sparc</emulator>
      <machine>SS-5</machine>
      <machine>leon3_generic</machine>
      <machine>SS-10</machine>
      <machine>SS-600MP</machine>
      <machine>SS-20</machine>
      <machine>Voyager</machine>
      <machine>LX</machine>
      <machine>SS-4</machine>
      <machine>SPARCClassic</machine>
      <machine>SPARCbook</machine>
      <machine>SS-1000</machine>
      <machine>SS-2000</machine>
      <machine>SS-2</machine>
      <domain type="qemu">
      </domain>
    </arch>
  </guest>

  <guest>
    <os_type>hvm</os_type>
    <arch name="ppc">
      <wordsize>32</wordsize>
      <emulator>/usr/bin/qemu-system-ppc</emulator>
      <machine>g3beige</machine>
      <machine>ref405ep</machine>
      <machine>taihu</machine>
      <machine>bamboo</machine>
      <machine>mac99</machine>
      <machine>prep</machine>
      <machine>mpc8544ds</machine>
      <machine>virtex-ml507</machine>
      <domain type="qemu">
      </domain>
    </arch>
  </guest>

  <guest>
    <os_type>hvm</os_type>
    <arch name="ppc64">
      <wordsize>64</wordsize>
      <emulator>/usr/bin/qemu-system-ppc64</emulator>
      <machine>mac99</machine>
      <machine>ref405ep</machine>
      <machine>taihu</machine>
      <machine>bamboo</machine>
      <machine>g3beige</machine>
      <machine>prep</machine>
      <machine>mpc8544ds</machine>
      <machine>virtex-ml507</machine>
      <domain type="qemu">
      </domain>
    </arch>
    <features>
      <cpuselection/>
    </features>
  </guest>

  <guest>
    <os_type>hvm</os_type>
    <arch name="s390x">
      <wordsize>64</wordsize>
      <emulator>/usr/bin/qemu-system-s390x</emulator>
      <machine>s390-virtio</machine>
      <machine canonical="s390-virtio">s390</machine>
      <domain type="qemu">
      </domain>
    </arch>
  </guest>

</capabilities>
